<?xml version="1.0" encoding="UTF-8"?>
<!-- Generated by org.testng.reporters.JUnitReportReporter -->
<testsuite hostname="NYXTesting-PC" failures="0" tests="1" name="WebAutomationTesting.TestNG2" time="5.788" errors="0" timestamp="2021-03-22T18:44:09 IST" skipped="0">
  <testcase classname="WebAutomationTesting.TestNG2" name="message" time="5.788"/>
  <system-out/>
</testsuite> <!-- WebAutomationTesting.TestNG2 -->
