<?xml version="1.0" encoding="UTF-8"?>
<!-- Generated by org.testng.reporters.JUnitReportReporter -->
<testsuite hostname="NYXTesting-PC" failures="0" tests="2" name="WebAutomationTesting.TestNG1" time="0.006" errors="0" timestamp="2021-03-17T11:53:48 IST" skipped="0">
  <testcase classname="WebAutomationTesting.TestNG1" name="testcase" time="0.001"/>
  <system-out/>
  <testcase classname="WebAutomationTesting.TestNG1" name="a" time="0.005"/>
  <system-out/>
</testsuite> <!-- WebAutomationTesting.TestNG1 -->
